2017-11-28 20:14:35,123 INFO o.a.j.u.JMeterUtils: Setting Locale to en_US
2017-11-28 20:14:35,161 INFO o.a.j.JMeter: Loading user properties from: /opt/apache-jmeter-3.3/bin/user.properties
2017-11-28 20:14:35,178 INFO o.a.j.JMeter: Loading system properties from: /opt/apache-jmeter-3.3/bin/system.properties
2017-11-28 20:14:35,181 INFO o.a.j.JMeter: Setting System property: server_port=1099
2017-11-28 20:14:35,196 INFO o.a.j.JMeter: Copyright (c) 1998-2017 The Apache Software Foundation
2017-11-28 20:14:35,198 INFO o.a.j.JMeter: Version 3.3 r1808647
2017-11-28 20:14:35,203 INFO o.a.j.JMeter: java.version=1.8.0_121
2017-11-28 20:14:35,203 INFO o.a.j.JMeter: java.vm.name=OpenJDK 64-Bit Server VM
2017-11-28 20:14:35,204 INFO o.a.j.JMeter: os.name=Linux
2017-11-28 20:14:35,208 INFO o.a.j.JMeter: os.arch=amd64
2017-11-28 20:14:35,208 INFO o.a.j.JMeter: os.version=4.9.49-moby
2017-11-28 20:14:35,210 INFO o.a.j.JMeter: file.encoding=UTF-8
2017-11-28 20:14:35,212 INFO o.a.j.JMeter: Max memory     =1199570944
2017-11-28 20:14:35,214 INFO o.a.j.JMeter: Available Processors =2
2017-11-28 20:14:35,236 INFO o.a.j.JMeter: Default Locale=English (United States)
2017-11-28 20:14:35,240 INFO o.a.j.JMeter: JMeter  Locale=English (United States)
2017-11-28 20:14:35,241 INFO o.a.j.JMeter: JMeterHome=/opt/apache-jmeter-3.3
2017-11-28 20:14:35,243 INFO o.a.j.JMeter: user.dir  =/Users/Evrim/git/microservices-latency-analysis/kubernetes-jmeter
2017-11-28 20:14:35,249 INFO o.a.j.JMeter: PWD       =/Users/Evrim/git/microservices-latency-analysis/kubernetes-jmeter
2017-11-28 20:14:35,251 INFO o.a.j.JMeter: IP: 172.17.0.2 Name: 31d55975a674 FullName: 31d55975a674
2017-11-28 20:14:35,359 INFO o.a.j.e.RemoteJMeterEngineImpl: Starting backing engine on 1099
2017-11-28 20:14:35,363 INFO o.a.j.e.RemoteJMeterEngineImpl: System property 'java.rmi.server.hostname' is not defined, using localHost address
2017-11-28 20:14:35,365 INFO o.a.j.e.RemoteJMeterEngineImpl: Local IP address=172.17.0.2
2017-11-28 20:14:35,367 INFO o.a.j.e.RemoteJMeterEngineImpl: IP address is a site-local address; this may cause problems with remote access.
	Can be overridden by defining the system property 'java.rmi.server.hostname' - see jmeter-server script file
2017-11-28 20:14:35,369 INFO o.a.j.e.RemoteJMeterEngineImpl: Creating RMI registry (server.rmi.create=true)
2017-11-28 20:14:35,378 INFO o.a.j.e.RemoteJMeterEngineImpl: Bound to registry on port 1099
